Using pre-set license
Built from '2020.3/release' branch; Version is '2020.3.12f1 (b3b2c6512326) revision 11776710'; Using compiler version '192528614'; Build Type 'Release'
OS: 'Windows 10 Pro; OS build 19042.1052; Version 2009; 64bit' Language: 'en' Physical Memory: 16320 MB
BatchMode: 1, IsHumanControllingUs: 0, StartBugReporterOnCrash: 0, Is64bit: 1, IsPro: 0

 COMMAND LINE ARGUMENTS:
C:\Program Files\Unitys\2020.3.12f1\Editor\Unity.exe
-adb2
-batchMode
-noUpm
-name
AssetImportWorker0
-projectPath
C:/Users/Pictor05/Documents/GitHub/UnityPort101/UnityPort101
-logFile
Logs/AssetImportWorker0.log
-srvPort
53543
Successfully changed project path to: C:/Users/Pictor05/Documents/GitHub/UnityPort101/UnityPort101
C:/Users/Pictor05/Documents/GitHub/UnityPort101/UnityPort101
Using Asset Import Pipeline V2.
Refreshing native plugins compatible for Editor in 61.66 ms, found 2 plugins.
Preloading 0 native plugins for Editor in 0.00 ms.
Initialize engine version: 2020.3.12f1 (b3b2c6512326)
[Subsystems] Discovering subsystems at path C:/Program Files/Unitys/2020.3.12f1/Editor/Data/Resources/UnitySubsystems
[Subsystems] Discovering subsystems at path C:/Users/Pictor05/Documents/GitHub/UnityPort101/UnityPort101/Assets
GfxDevice: creating device client; threaded=0
Direct3D:
    Version:  Direct3D 11.0 [level 11.1]
    Renderer: NVIDIA GeForce GTX 1050 Ti (ID=0x1c82)
    Vendor:   
    VRAM:     4018 MB
    Driver:   27.21.14.6677
Initialize mono
Mono path[0] = 'C:/Program Files/Unitys/2020.3.12f1/Editor/Data/Managed'
Mono path[1] = 'C:/Program Files/Unitys/2020.3.12f1/Editor/Data/MonoBleedingEdge/lib/mono/unityjit'
Mono config path = 'C:/Program Files/Unitys/2020.3.12f1/Editor/Data/MonoBleedingEdge/etc'
Using monoOptions --debugger-agent=transport=dt_socket,embedding=1,server=y,suspend=n,address=127.0.0.1:56692
Begin MonoManager ReloadAssembly
Registering precompiled unity dll's ...
Register platform support module: C:/Program Files/Unitys/2020.3.12f1/Editor/Data/PlaybackEngines/WindowsStandaloneSupport/UnityEditor.WindowsStandalone.Extensions.dll
Registered in 0.005046 seconds.
Native extension for WindowsStandalone target not found
Refreshing native plugins compatible for Editor in 53.18 ms, found 2 plugins.
Preloading 0 native plugins for Editor in 0.00 ms.
Mono: successfully reloaded assembly
- Completed reload, in  1.707 seconds
Platform modules already initialized, skipping
Registering precompiled user dll's ...
Registered in 0.006959 seconds.
Begin MonoManager ReloadAssembly
Native extension for WindowsStandalone target not found
Refreshing native plugins compatible for Editor in 53.46 ms, found 2 plugins.
Preloading 0 native plugins for Editor in 0.00 ms.
Mono: successfully reloaded assembly
- Completed reload, in  1.626 seconds
Platform modules already initialized, skipping
========================================================================
Worker process is ready to serve import requests
Launched and connected shader compiler UnityShaderCompiler.exe after 0.07 seconds
Refreshing native plugins compatible for Editor in 0.46 ms, found 2 plugins.
Preloading 0 native plugins for Editor in 0.00 ms.
Unloading 1705 Unused Serialized files (Serialized files now loaded: 0)
System memory in use before: 89.4 MB.
System memory in use after: 89.5 MB.

Unloading 20 unused Assets to reduce memory usage. Loaded Objects now: 2159.
Total: 2.974800 ms (FindLiveObjects: 0.207000 ms CreateObjectMapping: 0.049500 ms MarkObjects: 2.608600 ms  DeleteObjects: 0.107900 ms)

AssetImportParameters requested are different than current active one (requested -> active):
  custom:framework-win-MediaFoundation: 216162199b28c13a410421893ffa2e32 -> 
  custom:video-decoder-ogg-theora: a1e56fd34408186e4bbccfd4996cb3dc -> 
  custom:container-muxer-webm: aa71ff27fc2769a1b78a27578f13a17b -> 
  custom:container-demuxer-webm: 4f35f7cbe854078d1ac9338744f61a02 -> 
  custom:container-demuxer-ogg: 62fdf1f143b41e24485cea50d1cbac27 -> 
  custom:video-encoder-webm-vp8: eb34c28f22e8b96e1ab97ce403110664 -> 
  custom:video-decoder-webm-vp8: 9c59270c3fd7afecdb556c50c9e8de78 -> 
  custom:audio-decoder-ogg-vorbis: bf7c407c2cedff20999df2af8eb42d56 -> 
  custom:audio-encoder-webm-vorbis: bf7c407c2cedff20999df2af8eb42d56 -> 
========================================================================
Received Import Request.
  path: Assets/UnityPort101/Resources/Prefabs/Characters/Models
  artifactKey: Guid(9187c3ca2bb20ab4c9f0f9da264afde6) Importer(815301076,1909f56bfc062723c751e8b465ee728b)
Start importing Assets/UnityPort101/Resources/Prefabs/Characters/Models using Guid(9187c3ca2bb20ab4c9f0f9da264afde6) Importer(815301076,1909f56bfc062723c751e8b465ee728b)  -> (artifact id: '56deace411e6e79c69927322650ed0b9') in 0.015736 seconds 
  Import took 0.020072 seconds .

========================================================================
Received Import Request.
  Time since last request: 0.000335 seconds.
  path: Assets/UnityPort101/Resources/Prefabs/Characters/Bases/Player/Player.prefab
  artifactKey: Guid(5f51c4c270c4d04429b65523c8ce58f3) Importer(815301076,1909f56bfc062723c751e8b465ee728b)
Start importing Assets/UnityPort101/Resources/Prefabs/Characters/Bases/Player/Player.prefab using Guid(5f51c4c270c4d04429b65523c8ce58f3) Importer(815301076,1909f56bfc062723c751e8b465ee728b)  -> (artifact id: 'faa46e91f175f8e1cbeeffe3cab50567') in 0.082969 seconds 
  Import took 0.086873 seconds .

========================================================================
Received Import Request.
  Time since last request: 1.053264 seconds.
  path: Assets/UnityPort101/Resources/Prefabs/Characters/Bases/Player/Player.prefab
  artifactKey: Guid(5f51c4c270c4d04429b65523c8ce58f3) Importer(815301076,1909f56bfc062723c751e8b465ee728b)
Start importing Assets/UnityPort101/Resources/Prefabs/Characters/Bases/Player/Player.prefab using Guid(5f51c4c270c4d04429b65523c8ce58f3) Importer(815301076,1909f56bfc062723c751e8b465ee728b)  -> (artifact id: 'faa46e91f175f8e1cbeeffe3cab50567') in 0.007802 seconds 
  Import took 0.012254 seconds .

========================================================================
Received Prepare
Registering precompiled user dll's ...
Registered in 0.007715 seconds.
Begin MonoManager ReloadAssembly
Native extension for WindowsStandalone target not found
Refreshing native plugins compatible for Editor in 0.46 ms, found 2 plugins.
Preloading 0 native plugins for Editor in 0.00 ms.
Mono: successfully reloaded assembly
- Completed reload, in  1.409 seconds
Platform modules already initialized, skipping
Refreshing native plugins compatible for Editor in 0.59 ms, found 2 plugins.
Preloading 0 native plugins for Editor in 0.00 ms.
Unloading 1700 Unused Serialized files (Serialized files now loaded: 0)
System memory in use before: 89.5 MB.
System memory in use after: 89.6 MB.

Unloading 14 unused Assets to reduce memory usage. Loaded Objects now: 2162.
Total: 2.708000 ms (FindLiveObjects: 0.223100 ms CreateObjectMapping: 0.049500 ms MarkObjects: 2.411200 ms  DeleteObjects: 0.021800 ms)

AssetImportParameters requested are different than current active one (requested -> active):
  custom:framework-win-MediaFoundation: 216162199b28c13a410421893ffa2e32 -> 
  custom:video-decoder-ogg-theora: a1e56fd34408186e4bbccfd4996cb3dc -> 
  custom:container-muxer-webm: aa71ff27fc2769a1b78a27578f13a17b -> 
  custom:container-demuxer-webm: 4f35f7cbe854078d1ac9338744f61a02 -> 
  custom:container-demuxer-ogg: 62fdf1f143b41e24485cea50d1cbac27 -> 
  custom:video-encoder-webm-vp8: eb34c28f22e8b96e1ab97ce403110664 -> 
  custom:video-decoder-webm-vp8: 9c59270c3fd7afecdb556c50c9e8de78 -> 
  custom:audio-decoder-ogg-vorbis: bf7c407c2cedff20999df2af8eb42d56 -> 
  custom:audio-encoder-webm-vorbis: bf7c407c2cedff20999df2af8eb42d56 -> 
========================================================================
Received Import Request.
  Time since last request: 465.951730 seconds.
  path: Assets/UnityPort101/Scripts
  artifactKey: Guid(a495028e26ac9ae4fb1a08bf2620efc0) Importer(815301076,1909f56bfc062723c751e8b465ee728b)
Start importing Assets/UnityPort101/Scripts using Guid(a495028e26ac9ae4fb1a08bf2620efc0) Importer(815301076,1909f56bfc062723c751e8b465ee728b)  -> (artifact id: 'c8063050a9785a2f440237d8cde3e989') in 0.018160 seconds 
  Import took 0.022293 seconds .

